
06.07.2023 22:36:49 web server running on port 7980
06.07.2023 22:37:28 get votePage completed
06.07.2023 22:37:29 get variants completed
06.07.2023 22:37:59 code2 + 1
06.07.2023 22:37:59 get stat completed
06.07.2023 22:38:00 web server running on port 7980
06.07.2023 22:38:01 code3 + 1
06.07.2023 22:38:01 get stat completed
06.07.2023 22:38:01 web server running on port 7980
06.07.2023 22:38:02 code4 + 1
06.07.2023 22:38:02 get stat completed
06.07.2023 22:38:02 web server running on port 7980
06.07.2023 22:38:03 code1 + 1
06.07.2023 22:38:03 get stat completed
06.07.2023 22:38:03 web server running on port 7980
06.07.2023 22:44:19 web server running on port 7980
06.07.2023 22:44:29 web server running on port 7980
06.07.2023 22:44:40 web server running on port 7980
06.07.2023 22:58:06 web server running on port 7980
06.07.2023 23:01:08 web server running on port 7980
06.07.2023 23:01:16 web server running on port 7980
06.07.2023 23:06:39 web server running on port 7980
06.07.2023 23:06:44 get votePage completed
06.07.2023 23:06:44 get variants completed
06.07.2023 23:06:45 code1 + 1
06.07.2023 23:06:45 get stat completed
06.07.2023 23:06:45 get statType completed
06.07.2023 23:06:45 web server running on port 7980
06.07.2023 23:09:03 web server running on port 7980
06.07.2023 23:09:07 get votePage completed
06.07.2023 23:09:07 get variants completed
06.07.2023 23:09:08 code1 + 1
06.07.2023 23:09:08 get stat completed
06.07.2023 23:09:08 get statType completed
06.07.2023 23:09:08 web server running on port 7980
06.07.2023 23:13:05 web server running on port 7980
06.07.2023 23:13:10 get votePage completed
06.07.2023 23:13:10 get variants completed
06.07.2023 23:13:11 code1 + 1
06.07.2023 23:13:11 get stat completed
06.07.2023 23:13:11 get statType completed
06.07.2023 23:13:11 web server running on port 7980
06.07.2023 23:14:19 web server running on port 7980
06.07.2023 23:14:21 get votePage completed
06.07.2023 23:14:21 get variants completed
06.07.2023 23:14:21 code1 + 1
06.07.2023 23:14:21 get stat completed
06.07.2023 23:14:21 get statType completed
06.07.2023 23:14:21 web server running on port 7980
06.07.2023 23:14:47 web server running on port 7980
06.07.2023 23:14:50 get votePage completed
06.07.2023 23:14:50 get variants completed
06.07.2023 23:14:51 code1 + 1
06.07.2023 23:14:51 get stat completed
06.07.2023 23:14:51 get statType completed
06.07.2023 23:14:51 web server running on port 7980
06.07.2023 23:15:21 web server running on port 7980
06.07.2023 23:15:30 web server running on port 7980
06.07.2023 23:15:32 get votePage completed
06.07.2023 23:15:32 get variants completed
06.07.2023 23:15:33 code1 + 1
06.07.2023 23:15:33 get stat completed
06.07.2023 23:15:33 get statType completed
06.07.2023 23:15:33 web server running on port 7980
06.07.2023 23:21:15 web server running on port 7980
06.07.2023 23:21:43 web server running on port 7980
06.07.2023 23:21:56 web server running on port 7980
06.07.2023 23:25:49 web server running on port 7980
06.07.2023 23:29:17 web server running on port 7980
06.07.2023 23:29:21 get votePage completed
06.07.2023 23:29:21 get variants completed
06.07.2023 23:29:22 code1 + 1
06.07.2023 23:29:22 get stat completed
06.07.2023 23:29:22 get statType completed
06.07.2023 23:29:22 get statType completed
06.07.2023 23:29:22 get statType completed
06.07.2023 23:29:22 web server running on port 7980
06.07.2023 23:37:44 web server running on port 7980
06.07.2023 23:37:52 get votePage completed
06.07.2023 23:37:52 get variants completed
06.07.2023 23:37:53 code1 + 1
06.07.2023 23:37:53 get stat completed
06.07.2023 23:37:53 get statType completed
06.07.2023 23:37:53 get statType completed
06.07.2023 23:37:53 get statType completed
06.07.2023 23:37:53 web server running on port 7980
06.07.2023 23:38:35 web server running on port 7980
06.07.2023 23:38:39 get votePage completed
06.07.2023 23:38:39 get variants completed
06.07.2023 23:38:40 code2 + 1
06.07.2023 23:38:40 get stat completed
06.07.2023 23:38:40 get statType completed
06.07.2023 23:38:40 get statType completed
06.07.2023 23:38:40 get statType completed
06.07.2023 23:38:40 web server running on port 7980
06.07.2023 23:43:53 web server running on port 7980
06.07.2023 23:43:56 get votePage completed
06.07.2023 23:43:56 get variants completed
06.07.2023 23:43:56 code2 + 1
06.07.2023 23:43:56 get stat completed
06.07.2023 23:43:56 get statType completed
06.07.2023 23:43:56 get statType completed
06.07.2023 23:43:56 get statType completed
06.07.2023 23:43:57 web server running on port 7980
06.07.2023 23:45:35 get votePage completed
06.07.2023 23:45:35 get variants completed
06.07.2023 23:45:37 code2 + 1
06.07.2023 23:45:37 get stat completed
06.07.2023 23:45:37 get statType completed
06.07.2023 23:45:37 get statType completed
06.07.2023 23:45:37 get statType completed
06.07.2023 23:45:38 web server running on port 7980
06.07.2023 23:46:06 get votePage completed
06.07.2023 23:46:06 get variants completed
06.07.2023 23:56:03 web server running on port 7980
07.07.2023 00:00:24 web server running on port 7980
07.07.2023 00:00:48 get votePage completed
07.07.2023 00:00:48 get variants completed
07.07.2023 00:01:00 get votePage completed
07.07.2023 00:01:00 get variants completed
07.07.2023 00:03:31 web server running on port 7980
07.07.2023 00:03:34 get votePage completed
07.07.2023 00:03:34 get variants completed
07.07.2023 01:07:15 web server running on port 7980
07.07.2023 01:07:18 get votePage completed
07.07.2023 01:07:18 get variants completed
07.07.2023 01:08:28 web server running on port 7980
07.07.2023 01:08:30 get votePage completed
07.07.2023 01:08:30 get variants completed
07.07.2023 01:09:41 web server running on port 7980
07.07.2023 01:09:43 get votePage completed
07.07.2023 01:09:43 get variants completed
07.07.2023 01:10:13 get votePage completed
07.07.2023 01:10:13 get variants completed
07.07.2023 01:11:04 web server running on port 7980
07.07.2023 01:11:07 web server running on port 7980
07.07.2023 01:11:11 get votePage completed
07.07.2023 01:11:11 get variants completed
07.07.2023 01:12:19 web server running on port 7980
07.07.2023 01:14:26 web server running on port 7980
07.07.2023 01:14:31 get votePage completed
07.07.2023 01:14:31 get variants completed
07.07.2023 01:15:13 web server running on port 7980
07.07.2023 01:15:15 get votePage completed
07.07.2023 01:15:15 get variants completed
07.07.2023 01:16:51 web server running on port 7980
07.07.2023 01:16:56 get votePage completed
07.07.2023 01:16:56 get variants completed
07.07.2023 01:18:17 web server running on port 7980
07.07.2023 01:18:19 get votePage completed
07.07.2023 01:18:19 get variants completed
07.07.2023 01:18:54 web server running on port 7980
07.07.2023 01:18:59 get votePage completed
07.07.2023 01:18:59 get variants completed
07.07.2023 01:22:13 web server running on port 7980
07.07.2023 01:22:16 get votePage completed
07.07.2023 01:22:16 get variants completed
07.07.2023 01:23:26 web server running on port 7980
07.07.2023 01:23:30 get votePage completed
07.07.2023 01:23:30 get variants completed
07.07.2023 01:25:17 web server running on port 7980
07.07.2023 01:25:21 get votePage completed
07.07.2023 01:25:21 get variants completed
07.07.2023 01:27:10 web server running on port 7980
07.07.2023 01:27:13 get votePage completed
07.07.2023 01:27:13 get variants completed
07.07.2023 01:29:13 web server running on port 7980
07.07.2023 01:29:15 get votePage completed
07.07.2023 01:29:15 get variants completed
07.07.2023 01:29:41 web server running on port 7980
07.07.2023 01:29:44 get votePage completed
07.07.2023 01:29:44 get variants completed
07.07.2023 01:29:58 web server running on port 7980
07.07.2023 01:30:00 get votePage completed
07.07.2023 01:30:00 get variants completed
07.07.2023 01:33:33 web server running on port 7980
07.07.2023 01:33:35 get votePage completed
07.07.2023 01:33:35 get variants completed
07.07.2023 01:34:30 web server running on port 7980
07.07.2023 01:34:33 get votePage completed
07.07.2023 01:34:33 get variants completed
07.07.2023 01:34:34 code1 + 1
07.07.2023 01:34:34 get stat completed
07.07.2023 01:34:34 get statType completed
07.07.2023 01:34:34 get statType completed
07.07.2023 01:34:34 get statType completed
07.07.2023 01:34:34 web server running on port 7980
07.07.2023 01:34:35 code2 + 1
07.07.2023 01:34:35 get stat completed
07.07.2023 01:34:35 get statType completed
07.07.2023 01:34:35 get statType completed
07.07.2023 01:34:35 get statType completed
07.07.2023 01:34:35 web server running on port 7980
07.07.2023 01:34:37 code3 + 1
07.07.2023 01:34:37 get stat completed
07.07.2023 01:34:37 get statType completed
07.07.2023 01:34:37 get statType completed
07.07.2023 01:34:37 get statType completed
07.07.2023 01:34:37 web server running on port 7980
07.07.2023 01:34:41 code4 + 1
07.07.2023 01:34:41 get stat completed
07.07.2023 01:34:41 get statType completed
07.07.2023 01:34:41 get statType completed
07.07.2023 01:34:41 get statType completed
07.07.2023 01:34:42 web server running on port 7980
07.07.2023 01:37:35 web server running on port 7980
08.07.2023 00:42:21 web server running on port 7980
08.07.2023 00:43:38 get votePage completed
08.07.2023 00:43:39 get variants completed
08.07.2023 00:43:43 code2 + 1
08.07.2023 00:43:43 get stat completed
08.07.2023 00:43:43 web server running on port 7980
08.07.2023 00:43:43 code3 + 1
08.07.2023 00:43:43 get stat completed
08.07.2023 00:43:43 web server running on port 7980
08.07.2023 00:43:45 code4 + 1
08.07.2023 00:43:45 get stat completed
08.07.2023 00:43:46 web server running on port 7980
08.07.2023 00:43:46 code4 + 1
08.07.2023 00:43:46 get stat completed
08.07.2023 00:43:46 web server running on port 7980
08.07.2023 00:43:49 get votePage completed
08.07.2023 00:43:49 get variants completed
08.07.2023 00:43:53 get downloadStat completed
08.07.2023 00:44:21 web server running on port 7980
08.07.2023 00:44:26 get votePage completed
08.07.2023 00:44:26 get variants completed
08.07.2023 00:44:32 get downloadStat completed
08.07.2023 00:44:41 get downloadStat completed
08.07.2023 00:44:46 get downloadStat completed
08.07.2023 00:47:34 web server running on port 7980
08.07.2023 00:47:40 get votePage completed
08.07.2023 00:47:40 get variants completed
08.07.2023 00:47:42 get downloadStat completed
08.07.2023 00:50:12 web server running on port 7980
08.07.2023 00:50:14 get votePage completed
08.07.2023 00:50:14 get variants completed
08.07.2023 00:50:16 get downloadStat completed
08.07.2023 00:51:53 web server running on port 7980
08.07.2023 00:51:56 get votePage completed
08.07.2023 00:51:56 get variants completed
08.07.2023 00:51:57 get downloadStat completed
08.07.2023 00:52:25 web server running on port 7980
08.07.2023 00:52:29 get votePage completed
08.07.2023 00:52:29 get variants completed
08.07.2023 00:52:30 get downloadStat completed
08.07.2023 00:57:01 web server running on port 7980
08.07.2023 00:57:07 get votePage completed
08.07.2023 00:57:07 get variants completed
08.07.2023 00:57:08 get downloadStat completed
08.07.2023 00:57:26 web server running on port 7980
08.07.2023 00:57:28 get votePage completed
08.07.2023 00:57:28 get variants completed
08.07.2023 00:57:29 get downloadStat completed
08.07.2023 00:58:07 web server running on port 7980
08.07.2023 00:58:09 get votePage completed
08.07.2023 00:58:09 get variants completed
08.07.2023 00:58:10 get downloadStat completed
08.07.2023 00:59:44 web server running on port 7980
08.07.2023 00:59:47 get votePage completed
08.07.2023 00:59:47 get variants completed
08.07.2023 00:59:48 get downloadStat completed
08.07.2023 01:00:29 get downloadStat completed
08.07.2023 01:00:31 get downloadStat completed
08.07.2023 01:00:48 web server running on port 7980
08.07.2023 01:00:49 get votePage completed
08.07.2023 01:00:49 get variants completed
08.07.2023 01:00:50 get downloadStat completed
08.07.2023 01:01:03 web server running on port 7980
08.07.2023 01:01:07 get votePage completed
08.07.2023 01:01:07 get variants completed
08.07.2023 01:01:08 get downloadStat completed
08.07.2023 01:01:11 get downloadStat completed
08.07.2023 01:02:23 web server running on port 7980
08.07.2023 01:02:25 get votePage completed
08.07.2023 01:02:25 get variants completed
08.07.2023 01:02:27 get downloadStat completed
08.07.2023 01:02:36 get downloadStat completed
08.07.2023 01:02:47 get downloadStat completed
08.07.2023 01:03:41 web server running on port 7980
08.07.2023 01:03:43 get votePage completed
08.07.2023 01:03:43 get variants completed
08.07.2023 01:03:44 get downloadStat completed
08.07.2023 01:04:00 web server running on port 7980
08.07.2023 01:04:05 get votePage completed
08.07.2023 01:04:05 get variants completed
08.07.2023 01:04:06 get downloadStat completed
08.07.2023 01:04:56 web server running on port 7980
08.07.2023 01:04:59 get votePage completed
08.07.2023 01:04:59 get variants completed
08.07.2023 01:05:00 get downloadStat completed
08.07.2023 01:06:15 web server running on port 7980
08.07.2023 01:06:17 get votePage completed
08.07.2023 01:06:17 get variants completed
08.07.2023 01:06:18 get downloadStat completed
08.07.2023 01:09:22 web server running on port 7980
08.07.2023 01:09:25 get votePage completed
08.07.2023 01:09:25 get variants completed
08.07.2023 01:09:26 get downloadStat completed
08.07.2023 01:09:28 get downloadStat completed
08.07.2023 01:09:31 get downloadStat completed
08.07.2023 01:10:23 web server running on port 7980
08.07.2023 01:10:26 get votePage completed
08.07.2023 01:10:26 get variants completed
08.07.2023 01:12:08 web server running on port 7980
08.07.2023 01:13:19 web server running on port 7980
08.07.2023 01:14:52 web server running on port 7980
08.07.2023 01:14:56 get votePage completed
08.07.2023 01:14:56 get variants completed
08.07.2023 01:14:57 get votePage completed
08.07.2023 01:14:57 get variants completed
08.07.2023 01:15:06 code1 + 1
08.07.2023 01:15:06 get stat completed
08.07.2023 01:15:06 web server running on port 7980
08.07.2023 01:15:28 web server running on port 7980
08.07.2023 01:15:30 get votePage completed
08.07.2023 01:15:30 get variants completed
08.07.2023 01:15:31 code1 + 1
08.07.2023 01:15:31 get stat completed
08.07.2023 01:15:31 web server running on port 7980
08.07.2023 01:16:36 web server running on port 7980
08.07.2023 01:16:38 get votePage completed
08.07.2023 01:16:38 get variants completed
08.07.2023 01:24:29 web server running on port 7980
08.07.2023 01:24:43 get votePage completed
08.07.2023 01:24:43 get variants completed
08.07.2023 01:24:44 code1 + 1
08.07.2023 01:24:44 get stat completed
08.07.2023 01:24:44 web server running on port 7980
08.07.2023 01:25:16 web server running on port 7980
08.07.2023 01:25:19 get votePage completed
08.07.2023 01:25:19 get variants completed
08.07.2023 01:25:23 get votePage completed
08.07.2023 01:25:23 get variants completed
08.07.2023 01:29:30 web server running on port 7980
08.07.2023 01:29:35 get votePage completed
08.07.2023 01:29:35 get variants completed
08.07.2023 01:29:46 code1 + 1
08.07.2023 01:29:46 get stat completed
08.07.2023 01:29:46 web server running on port 7980
08.07.2023 01:29:47 code2 + 1
08.07.2023 01:29:47 get stat completed
08.07.2023 01:29:47 web server running on port 7980
08.07.2023 01:29:47 code3 + 1
08.07.2023 01:29:47 get stat completed
08.07.2023 01:29:47 web server running on port 7980
08.07.2023 01:29:48 code4 + 1
08.07.2023 01:29:48 get stat completed
08.07.2023 01:29:48 web server running on port 7980
08.07.2023 01:30:47 web server running on port 7980
08.07.2023 01:30:49 get votePage completed
08.07.2023 01:30:49 get variants completed
08.07.2023 01:30:50 code2 + 1
08.07.2023 01:30:50 get stat completed
08.07.2023 01:30:50 web server running on port 7980
08.07.2023 01:30:51 code2 + 1
08.07.2023 01:30:51 get stat completed
08.07.2023 01:30:51 web server running on port 7980
08.07.2023 01:30:52 code3 + 1
08.07.2023 01:30:52 get stat completed
08.07.2023 01:30:52 web server running on port 7980
